desc: --massif-out-file=massif.out
cmd: ./build/tri
time_unit: i
#-----------
snapshot=0
#-----------
time=0
mem_heap_B=0
mem_heap_extra_B=0
mem_stacks_B=0
heap_tree=empty
#-----------
snapshot=1
#-----------
time=1206984
mem_heap_B=46
mem_heap_extra_B=10
mem_stacks_B=0
heap_tree=empty
#-----------
snapshot=2
#-----------
time=1208501
mem_heap_B=0
mem_heap_extra_B=0
mem_stacks_B=0
heap_tree=empty
#-----------
snapshot=3
#-----------
time=1209891
mem_heap_B=47
mem_heap_extra_B=9
mem_stacks_B=0
heap_tree=empty
#-----------
snapshot=4
#-----------
time=1211420
mem_heap_B=0
mem_heap_extra_B=0
mem_stacks_B=0
heap_tree=empty
#-----------
snapshot=5
#-----------
time=1212857
mem_heap_B=48
mem_heap_extra_B=8
mem_stacks_B=0
heap_tree=empty
#-----------
snapshot=6
#-----------
time=1214411
mem_heap_B=0
mem_heap_extra_B=0
mem_stacks_B=0
heap_tree=detailed
n1: 0 (heap allocation functions) malloc/new/new[], --alloc-fns, etc.
 n0: 0 in 2 places, all below massif's threshold (1.00%)
#-----------
snapshot=7
#-----------
time=1215801
mem_heap_B=47
mem_heap_extra_B=9
mem_stacks_B=0
heap_tree=empty
#-----------
snapshot=8
#-----------
time=1217329
mem_heap_B=0
mem_heap_extra_B=0
mem_stacks_B=0
heap_tree=empty
#-----------
snapshot=9
#-----------
time=1218719
mem_heap_B=47
mem_heap_extra_B=9
mem_stacks_B=0
heap_tree=empty
#-----------
snapshot=10
#-----------
time=1220261
mem_heap_B=0
mem_heap_extra_B=0
mem_stacks_B=0
heap_tree=empty
#-----------
snapshot=11
#-----------
time=1221659
mem_heap_B=48
mem_heap_extra_B=8
mem_stacks_B=0
heap_tree=empty
#-----------
snapshot=12
#-----------
time=1223211
mem_heap_B=0
mem_heap_extra_B=0
mem_stacks_B=0
heap_tree=empty
#-----------
snapshot=13
#-----------
time=1224652
mem_heap_B=49
mem_heap_extra_B=23
mem_stacks_B=0
heap_tree=empty
#-----------
snapshot=14
#-----------
time=1225441
mem_heap_B=73
mem_heap_extra_B=39
mem_stacks_B=0
heap_tree=peak
n2: 73 (heap allocation functions) malloc/new/new[], --alloc-fns, etc.
 n1: 49 0x4CB8B71: malloc (rtld-malloc.h:56)
  n1: 49 0x4CB8B71: _dl_exception_create_format (dl-exception.c:157)
   n1: 49 0x4CBFB2B: _dl_lookup_symbol_x (dl-lookup.c:806)
    n1: 49 0x591A0C5: do_sym (dl-sym.c:146)
     n1: 49 0x5842DFF: dlsym_doit (dlsym.c:40)
      n1: 49 0x4CB6455: _dl_catch_exception (dl-catch.c:241)
       n1: 49 0x4CB65A8: _dl_catch_error (dl-catch.c:260)
        n1: 49 0x58427F2: _dlerror_run (dlerror.c:138)
         n1: 49 0x5842E9D: dlsym_implementation (dlsym.c:54)
          n1: 49 0x5842E9D: dlsym@@GLIBC_2.34 (dlsym.c:68)
           n2: 49 0x4167A59: __interception::InterceptFunction(char const*, unsigned long*, unsigned long, unsigned long) (in /home/lka/myprojects/vulkanexperiment8/build/tri)
            n1: 49 0x407F6EE: InitializeCommonInterceptors() (in /home/lka/myprojects/vulkanexperiment8/build/tri)
             n1: 49 0x414F4E3: __asan::InitializeAsanInterceptors() (in /home/lka/myprojects/vulkanexperiment8/build/tri)
              n1: 49 0x41623E3: __asan::AsanInitInternal() [clone .part.0] (in /home/lka/myprojects/vulkanexperiment8/build/tri)
               n1: 49 0x41626B4: __asan_init (in /home/lka/myprojects/vulkanexperiment8/build/tri)
                n1: 49 0x4CBA38E: _dl_init (dl-init.c:106)
                 n0: 49 0x4CD2B5F: ??? (in /usr/lib/ld-linux-x86-64.so.2)
            n0: 0 in 6 places, all below massif's threshold (1.00%)
 n1: 24 0x584281F: _dlerror_run (dlerror.c:168)
  n1: 24 0x5842E9D: dlsym_implementation (dlsym.c:54)
   n1: 24 0x5842E9D: dlsym@@GLIBC_2.34 (dlsym.c:68)
    n2: 24 0x4167A59: __interception::InterceptFunction(char const*, unsigned long*, unsigned long, unsigned long) (in /home/lka/myprojects/vulkanexperiment8/build/tri)
     n1: 24 0x407F6EE: InitializeCommonInterceptors() (in /home/lka/myprojects/vulkanexperiment8/build/tri)
      n1: 24 0x414F4E3: __asan::InitializeAsanInterceptors() (in /home/lka/myprojects/vulkanexperiment8/build/tri)
       n1: 24 0x41623E3: __asan::AsanInitInternal() [clone .part.0] (in /home/lka/myprojects/vulkanexperiment8/build/tri)
        n1: 24 0x41626B4: __asan_init (in /home/lka/myprojects/vulkanexperiment8/build/tri)
         n1: 24 0x4CBA38E: _dl_init (dl-init.c:106)
          n0: 24 0x4CD2B5F: ??? (in /usr/lib/ld-linux-x86-64.so.2)
     n0: 0 in 6 places, all below massif's threshold (1.00%)
#-----------
snapshot=15
#-----------
time=1227605
mem_heap_B=48
mem_heap_extra_B=8
mem_stacks_B=0
heap_tree=empty
#-----------
snapshot=16
#-----------
time=1229157
mem_heap_B=0
mem_heap_extra_B=0
mem_stacks_B=0
heap_tree=empty
#-----------
snapshot=17
#-----------
time=1537293
mem_heap_B=61
mem_heap_extra_B=11
mem_stacks_B=0
heap_tree=empty
#-----------
snapshot=18
#-----------
time=1538928
mem_heap_B=0
mem_heap_extra_B=0
mem_stacks_B=0
heap_tree=detailed
n1: 0 (heap allocation functions) malloc/new/new[], --alloc-fns, etc.
 n0: 0 in 2 places, all below massif's threshold (1.00%)
#-----------
snapshot=19
#-----------
time=1599263
mem_heap_B=44
mem_heap_extra_B=12
mem_stacks_B=0
heap_tree=empty
#-----------
snapshot=20
#-----------
time=1600717
mem_heap_B=0
mem_heap_extra_B=0
mem_stacks_B=0
heap_tree=empty
#-----------
snapshot=21
#-----------
time=1602263
mem_heap_B=46
mem_heap_extra_B=10
mem_stacks_B=0
heap_tree=empty
#-----------
snapshot=22
#-----------
time=1603745
mem_heap_B=0
mem_heap_extra_B=0
mem_stacks_B=0
heap_tree=empty
#-----------
snapshot=23
#-----------
time=1605333
mem_heap_B=40
mem_heap_extra_B=16
mem_stacks_B=0
heap_tree=empty
#-----------
snapshot=24
#-----------
time=1606781
mem_heap_B=0
mem_heap_extra_B=0
mem_stacks_B=0
heap_tree=empty
#-----------
snapshot=25
#-----------
time=1608337
mem_heap_B=42
mem_heap_extra_B=14
mem_stacks_B=0
heap_tree=empty
#-----------
snapshot=26
#-----------
time=1609836
mem_heap_B=0
mem_heap_extra_B=0
mem_stacks_B=0
heap_tree=empty
#-----------
snapshot=27
#-----------
time=1611351
mem_heap_B=38
mem_heap_extra_B=18
mem_stacks_B=0
heap_tree=empty
#-----------
snapshot=28
#-----------
time=1612771
mem_heap_B=0
mem_heap_extra_B=0
mem_stacks_B=0
heap_tree=detailed
n1: 0 (heap allocation functions) malloc/new/new[], --alloc-fns, etc.
 n0: 0 in 2 places, all below massif's threshold (1.00%)
#-----------
snapshot=29
#-----------
time=1614289
mem_heap_B=40
mem_heap_extra_B=16
mem_stacks_B=0
heap_tree=empty
#-----------
snapshot=30
#-----------
time=1615719
mem_heap_B=0
mem_heap_extra_B=0
mem_stacks_B=0
heap_tree=empty
#-----------
snapshot=31
#-----------
time=1617214
mem_heap_B=39
mem_heap_extra_B=17
mem_stacks_B=0
heap_tree=empty
#-----------
snapshot=32
#-----------
time=1618636
mem_heap_B=0
mem_heap_extra_B=0
mem_stacks_B=0
heap_tree=empty
#-----------
snapshot=33
#-----------
time=1620213
mem_heap_B=41
mem_heap_extra_B=15
mem_stacks_B=0
heap_tree=empty
#-----------
snapshot=34
#-----------
time=1621655
mem_heap_B=0
mem_heap_extra_B=0
mem_stacks_B=0
heap_tree=empty
#-----------
snapshot=35
#-----------
time=1623190
mem_heap_B=40
mem_heap_extra_B=16
mem_stacks_B=0
heap_tree=empty
#-----------
snapshot=36
#-----------
time=1624676
mem_heap_B=0
mem_heap_extra_B=0
mem_stacks_B=0
heap_tree=empty
#-----------
snapshot=37
#-----------
time=1626244
mem_heap_B=42
mem_heap_extra_B=14
mem_stacks_B=0
heap_tree=empty
#-----------
snapshot=38
#-----------
time=1627708
mem_heap_B=0
mem_heap_extra_B=0
mem_stacks_B=0
heap_tree=detailed
n1: 0 (heap allocation functions) malloc/new/new[], --alloc-fns, etc.
 n0: 0 in 2 places, all below massif's threshold (1.00%)
#-----------
snapshot=39
#-----------
time=1629239
mem_heap_B=45
mem_heap_extra_B=11
mem_stacks_B=0
heap_tree=empty
#-----------
snapshot=40
#-----------
time=1630705
mem_heap_B=0
mem_heap_extra_B=0
mem_stacks_B=0
heap_tree=empty
#-----------
snapshot=41
#-----------
time=1632306
mem_heap_B=47
mem_heap_extra_B=9
mem_stacks_B=0
heap_tree=empty
#-----------
snapshot=42
#-----------
time=1633837
mem_heap_B=0
mem_heap_extra_B=0
mem_stacks_B=0
heap_tree=empty
#-----------
snapshot=43
#-----------
time=1635352
mem_heap_B=41
mem_heap_extra_B=15
mem_stacks_B=0
heap_tree=empty
#-----------
snapshot=44
#-----------
time=1636794
mem_heap_B=0
mem_heap_extra_B=0
mem_stacks_B=0
heap_tree=empty
#-----------
snapshot=45
#-----------
time=1638324
mem_heap_B=42
mem_heap_extra_B=14
mem_stacks_B=0
heap_tree=empty
#-----------
snapshot=46
#-----------
time=1639812
mem_heap_B=0
mem_heap_extra_B=0
mem_stacks_B=0
heap_tree=empty
#-----------
snapshot=47
#-----------
time=1641407
mem_heap_B=42
mem_heap_extra_B=14
mem_stacks_B=0
heap_tree=empty
#-----------
snapshot=48
#-----------
time=1642890
mem_heap_B=0
mem_heap_extra_B=0
mem_stacks_B=0
heap_tree=detailed
n1: 0 (heap allocation functions) malloc/new/new[], --alloc-fns, etc.
 n0: 0 in 2 places, all below massif's threshold (1.00%)
#-----------
snapshot=49
#-----------
time=1644444
mem_heap_B=43
mem_heap_extra_B=13
mem_stacks_B=0
heap_tree=empty
#-----------
snapshot=50
#-----------
time=1645898
mem_heap_B=0
mem_heap_extra_B=0
mem_stacks_B=0
heap_tree=empty
#-----------
snapshot=51
#-----------
time=1647452
mem_heap_B=42
mem_heap_extra_B=14
mem_stacks_B=0
heap_tree=empty
#-----------
snapshot=52
#-----------
time=1648902
mem_heap_B=0
mem_heap_extra_B=0
mem_stacks_B=0
heap_tree=empty
#-----------
snapshot=53
#-----------
time=1650437
mem_heap_B=43
mem_heap_extra_B=13
mem_stacks_B=0
heap_tree=empty
#-----------
snapshot=54
#-----------
time=1651915
mem_heap_B=0
mem_heap_extra_B=0
mem_stacks_B=0
heap_tree=empty
#-----------
snapshot=55
#-----------
time=1653445
mem_heap_B=42
mem_heap_extra_B=14
mem_stacks_B=0
heap_tree=empty
#-----------
snapshot=56
#-----------
time=1654887
mem_heap_B=0
mem_heap_extra_B=0
mem_stacks_B=0
heap_tree=empty
#-----------
snapshot=57
#-----------
time=1656439
mem_heap_B=43
mem_heap_extra_B=13
mem_stacks_B=0
heap_tree=empty
#-----------
snapshot=58
#-----------
time=1657958
mem_heap_B=0
mem_heap_extra_B=0
mem_stacks_B=0
heap_tree=detailed
n1: 0 (heap allocation functions) malloc/new/new[], --alloc-fns, etc.
 n0: 0 in 2 places, all below massif's threshold (1.00%)
#-----------
snapshot=59
#-----------
time=1659449
mem_heap_B=41
mem_heap_extra_B=15
mem_stacks_B=0
heap_tree=empty
#-----------
snapshot=60
#-----------
time=1660891
mem_heap_B=0
mem_heap_extra_B=0
mem_stacks_B=0
heap_tree=empty
#-----------
snapshot=61
#-----------
time=1662394
mem_heap_B=43
mem_heap_extra_B=13
mem_stacks_B=0
heap_tree=empty
#-----------
snapshot=62
#-----------
time=1663848
mem_heap_B=0
mem_heap_extra_B=0
mem_stacks_B=0
heap_tree=empty
#-----------
snapshot=63
#-----------
time=1665350
mem_heap_B=39
mem_heap_extra_B=17
mem_stacks_B=0
heap_tree=empty
#-----------
snapshot=64
#-----------
time=1666780
mem_heap_B=0
mem_heap_extra_B=0
mem_stacks_B=0
heap_tree=empty
#-----------
snapshot=65
#-----------
time=1668299
mem_heap_B=39
mem_heap_extra_B=17
mem_stacks_B=0
heap_tree=empty
#-----------
snapshot=66
#-----------
time=1669777
mem_heap_B=0
mem_heap_extra_B=0
mem_stacks_B=0
heap_tree=empty
#-----------
snapshot=67
#-----------
time=1671404
mem_heap_B=39
mem_heap_extra_B=17
mem_stacks_B=0
heap_tree=empty
#-----------
snapshot=68
#-----------
time=1672872
mem_heap_B=0
mem_heap_extra_B=0
mem_stacks_B=0
heap_tree=detailed
n1: 0 (heap allocation functions) malloc/new/new[], --alloc-fns, etc.
 n0: 0 in 2 places, all below massif's threshold (1.00%)
#-----------
snapshot=69
#-----------
time=1674432
mem_heap_B=41
mem_heap_extra_B=15
mem_stacks_B=0
heap_tree=empty
#-----------
snapshot=70
#-----------
time=1675936
mem_heap_B=0
mem_heap_extra_B=0
mem_stacks_B=0
heap_tree=empty
#-----------
snapshot=71
#-----------
time=1677423
mem_heap_B=40
mem_heap_extra_B=16
mem_stacks_B=0
heap_tree=empty
#-----------
snapshot=72
#-----------
time=1678853
mem_heap_B=0
mem_heap_extra_B=0
mem_stacks_B=0
heap_tree=empty
#-----------
snapshot=73
#-----------
time=1680359
mem_heap_B=41
mem_heap_extra_B=15
mem_stacks_B=0
heap_tree=empty
#-----------
snapshot=74
#-----------
time=1681817
mem_heap_B=0
mem_heap_extra_B=0
mem_stacks_B=0
heap_tree=empty
#-----------
snapshot=75
#-----------
time=1683344
mem_heap_B=40
mem_heap_extra_B=16
mem_stacks_B=0
heap_tree=empty
#-----------
snapshot=76
#-----------
time=1684782
mem_heap_B=0
mem_heap_extra_B=0
mem_stacks_B=0
heap_tree=empty
#-----------
snapshot=77
#-----------
time=1686289
mem_heap_B=41
mem_heap_extra_B=15
mem_stacks_B=0
heap_tree=empty
#-----------
snapshot=78
#-----------
time=1687731
mem_heap_B=0
mem_heap_extra_B=0
mem_stacks_B=0
heap_tree=detailed
n1: 0 (heap allocation functions) malloc/new/new[], --alloc-fns, etc.
 n0: 0 in 2 places, all below massif's threshold (1.00%)
#-----------
snapshot=79
#-----------
time=1689407
mem_heap_B=44
mem_heap_extra_B=12
mem_stacks_B=0
heap_tree=empty
#-----------
snapshot=80
#-----------
time=1690885
mem_heap_B=0
mem_heap_extra_B=0
mem_stacks_B=0
heap_tree=empty
#-----------
snapshot=81
#-----------
time=1692276
mem_heap_B=42
mem_heap_extra_B=14
mem_stacks_B=0
heap_tree=empty
#-----------
snapshot=82
#-----------
time=1693759
mem_heap_B=0
mem_heap_extra_B=0
mem_stacks_B=0
heap_tree=empty
#-----------
snapshot=83
#-----------
time=1870876
mem_heap_B=42
mem_heap_extra_B=14
mem_stacks_B=0
heap_tree=empty
#-----------
snapshot=84
#-----------
time=1872366
mem_heap_B=0
mem_heap_extra_B=0
mem_stacks_B=0
heap_tree=empty
#-----------
snapshot=85
#-----------
time=1873886
mem_heap_B=62
mem_heap_extra_B=10
mem_stacks_B=0
heap_tree=empty
#-----------
snapshot=86
#-----------
time=1874675
mem_heap_B=24
mem_heap_extra_B=16
mem_stacks_B=0
heap_tree=empty
#-----------
snapshot=87
#-----------
time=1875528
mem_heap_B=0
mem_heap_extra_B=0
mem_stacks_B=0
heap_tree=empty
